<?xml version="1.0" encoding="UTF-8"?>
<!-- Generated by org.testng.reporters.JUnitXMLReporter -->
<testsuite ignored="0" hostname="DESKTOP-4JVPPEU" failures="5" tests="5" name="RegressionTest" time="73.283" errors="0" timestamp="2022-11-09T15:20:29 IST">
  <testcase classname="testcases.Advance_Search" name="@AfterTest Teardown" time="0.022">
    <failure type="java.lang.NullPointerException" message="Cannot invoke &amp;quot;org.openqa.selenium.WebDriver.quit()&amp;quot; because &amp;quot;this.driver&amp;quot; is null">
      <![CDATA[java.lang.NullPointerException: Cannot invoke "org.openqa.selenium.WebDriver.quit()" because "this.driver" is null
at testcases.Advance_Search.Teardown(Advance_Search.java:29)
... Removed 22 stack frames]]>
    </failure>
  </testcase> <!-- @AfterTest Teardown -->
  <testcase classname="testcases.Computers_Accessories" name="@AfterTest Teardown" time="-1.667987428884E9">
    <skipped/>
  </testcase> <!-- @AfterTest Teardown -->
  <testcase classname="testcases.Login_TC" name="@AfterTest Teardown" time="-1.667987428918E9">
    <skipped/>
  </testcase> <!-- @AfterTest Teardown -->
  <testcase classname="testcases.Register_TC" name="@AfterTest Teardown" time="-1.667987428939E9">
    <skipped/>
  </testcase> <!-- @AfterTest Teardown -->
  <testcase classname="testcases.Search_TC" name="@AfterTest Teardown" time="-1.667987428953E9">
    <skipped/>
  </testcase> <!-- @AfterTest Teardown -->
  <testcase classname="testcases.Register_TC" name="Reg" time="0.162">
    <failure type="java.lang.NullPointerException" message="Cannot invoke &amp;quot;org.openqa.selenium.WebDriver.findElement(org.openqa.selenium.By)&amp;quot; because &amp;quot;this.driver&amp;quot; is null">
      <![CDATA[java.lang.NullPointerException: Cannot invoke "org.openqa.selenium.WebDriver.findElement(org.openqa.selenium.By)" because "this.driver" is null
at testcases.Register_TC.Reg(Register_TC.java:34)
at java.base/java.util.ArrayList.forEach(ArrayList.java:1511)
... Removed 25 stack frames]]>
    </failure>
  </testcase> <!-- Reg -->
  <testcase classname="testcases.Login_TC" name="log" time="0.049">
    <failure type="java.lang.NullPointerException" message="Cannot invoke &amp;quot;org.openqa.selenium.WebDriver.findElement(org.openqa.selenium.By)&amp;quot; because &amp;quot;this.driver&amp;quot; is null">
      <![CDATA[java.lang.NullPointerException: Cannot invoke "org.openqa.selenium.WebDriver.findElement(org.openqa.selenium.By)" because "this.driver" is null
at testcases.Login_TC.log(Login_TC.java:35)
at java.base/java.util.ArrayList.forEach(ArrayList.java:1511)
... Removed 25 stack frames]]>
    </failure>
  </testcase> <!-- log -->
  <testcase classname="testcases.Search_TC" name="search" time="0.028">
    <failure type="java.lang.NullPointerException" message="Cannot invoke &amp;quot;org.openqa.selenium.WebDriver.findElement(org.openqa.selenium.By)&amp;quot; because &amp;quot;this.driver&amp;quot; is null">
      <![CDATA[java.lang.NullPointerException: Cannot invoke "org.openqa.selenium.WebDriver.findElement(org.openqa.selenium.By)" because "this.driver" is null
at testcases.Search_TC.search(Search_TC.java:34)
at java.base/java.util.ArrayList.forEach(ArrayList.java:1511)
... Removed 25 stack frames]]>
    </failure>
  </testcase> <!-- search -->
  <testcase classname="testcases.Advance_Search" name="search1" time="0.009">
    <failure type="java.lang.NullPointerException" message="Cannot invoke &amp;quot;org.openqa.selenium.WebDriver.findElement(org.openqa.selenium.By)&amp;quot; because &amp;quot;this.driver&amp;quot; is null">
      <![CDATA[java.lang.NullPointerException: Cannot invoke "org.openqa.selenium.WebDriver.findElement(org.openqa.selenium.By)" because "this.driver" is null
at testcases.Advance_Search.search1(Advance_Search.java:36)
at java.base/java.util.ArrayList.forEach(ArrayList.java:1511)
... Removed 25 stack frames]]>
    </failure>
  </testcase> <!-- search1 -->
  <testcase classname="testcases.Computers_Accessories" name="accessories" time="0.027">
    <failure type="java.lang.NullPointerException">
      <![CDATA[java.lang.NullPointerException
at com.google.common.base.Preconditions.checkNotNull(Preconditions.java:787)
at org.openqa.selenium.interactions.Actions.<init>(Actions.java:68)
at testcases.Computers_Accessories.accessories(Computers_Accessories.java:36)
at java.base/java.util.ArrayList.forEach(ArrayList.java:1511)
... Removed 25 stack frames]]>
    </failure>
  </testcase> <!-- accessories -->
</testsuite> <!-- RegressionTest -->
